2025-07-14T03:07:36.669Z [31merror[39m: Operation `teachers.find()` buffering timed out after 10000ms
2025-07-14T06:11:47.486Z [31merror[39m: Teacher validation failed: name: Name is required
2025-07-14T06:11:47.518Z [31merror[39m: Teacher validation failed: email: Email is required
2025-07-14T06:11:47.534Z [31merror[39m: Name already exists
2025-07-14T06:11:47.605Z [31merror[39m: Teacher not found
2025-07-14T06:22:48.276Z [31merror[39m: Teacher validation failed: name: Name is required
2025-07-14T06:22:48.298Z [31merror[39m: Teacher validation failed: email: Email is required
2025-07-14T06:22:48.323Z [31merror[39m: Name already exists
2025-07-14T06:22:48.413Z [31merror[39m: Teacher not found
2025-07-14T06:26:15.338Z [31merror[39m: Teacher validation failed: name: Name is required
2025-07-14T06:26:15.356Z [31merror[39m: Teacher validation failed: email: Email is required
2025-07-14T06:26:15.386Z [31merror[39m: Name already exists
2025-07-14T06:26:15.452Z [31merror[39m: Teacher not found
2025-07-14T06:44:20.323Z [31merror[39m: Teacher validation failed: name: Name is required
2025-07-14T06:44:20.339Z [31merror[39m: Teacher validation failed: email: Email is required
2025-07-14T06:44:20.367Z [31merror[39m: Name already exists
2025-07-14T06:44:20.445Z [31merror[39m: Teacher not found
2025-07-14T08:11:26.276Z [31merror[39m: Teacher validation failed: name: Name is required
2025-07-14T08:11:26.292Z [31merror[39m: Teacher validation failed: email: Email is required
2025-07-14T08:11:26.305Z [31merror[39m: Name already exists
2025-07-14T08:11:26.371Z [31merror[39m: Teacher not found
2025-07-14T08:11:27.632Z [31merror[39m: Teacher validation failed: name: Name is required
2025-07-14T08:11:27.646Z [31merror[39m: Teacher validation failed: email: Email is required
2025-07-14T08:11:27.672Z [31merror[39m: Name already exists
2025-07-14T08:11:27.727Z [31merror[39m: Teacher not found
2025-07-14T08:13:51.917Z [31merror[39m: Teacher validation failed: name: Name is required
2025-07-14T08:13:51.931Z [31merror[39m: Teacher validation failed: email: Email is required
2025-07-14T08:13:51.946Z [31merror[39m: Name already exists
2025-07-14T08:13:52.008Z [31merror[39m: Teacher not found
2025-07-14T08:13:52.563Z [31merror[39m: Teacher validation failed: name: Name is required
2025-07-14T08:13:52.574Z [31merror[39m: Teacher validation failed: email: Email is required
2025-07-14T08:13:52.594Z [31merror[39m: Name already exists
2025-07-14T08:13:52.652Z [31merror[39m: Teacher not found
2025-07-14T08:15:48.902Z [31merror[39m: Teacher validation failed: name: Name is required
2025-07-14T08:15:48.918Z [31merror[39m: Teacher validation failed: email: Email is required
2025-07-14T08:15:48.943Z [31merror[39m: Name already exists
2025-07-14T08:15:49.023Z [31merror[39m: Teacher not found
2025-07-14T08:15:50.132Z [31merror[39m: Teacher validation failed: name: Name is required
2025-07-14T08:15:50.143Z [31merror[39m: Teacher validation failed: email: Email is required
2025-07-14T08:15:50.162Z [31merror[39m: Name already exists
2025-07-14T08:15:50.214Z [31merror[39m: Teacher not found
2025-07-14T10:21:47.283Z [31merror[39m: Teacher validation failed: name: Name is required
2025-07-14T10:21:47.303Z [31merror[39m: Teacher validation failed: email: Email is required
2025-07-14T10:21:47.323Z [31merror[39m: Name already exists
2025-07-14T10:21:47.359Z [31merror[39m: Teacher not found
2025-07-14T10:21:47.934Z [31merror[39m: Teacher validation failed: name: Name is required
2025-07-14T10:21:47.945Z [31merror[39m: Teacher validation failed: email: Email is required
2025-07-14T10:21:47.970Z [31merror[39m: Name already exists
2025-07-14T10:21:48.027Z [31merror[39m: Teacher not found
2025-07-14T10:42:54.303Z [31merror[39m: Teacher validation failed: name: Name is required
2025-07-14T10:42:54.317Z [31merror[39m: Teacher validation failed: email: Email is required
2025-07-14T10:42:54.330Z [31merror[39m: Name already exists
2025-07-14T10:42:54.393Z [31merror[39m: Teacher not found
2025-07-14T10:42:54.950Z [31merror[39m: Teacher validation failed: name: Name is required
2025-07-14T10:42:54.963Z [31merror[39m: Teacher validation failed: email: Email is required
2025-07-14T10:42:54.988Z [31merror[39m: Name already exists
2025-07-14T10:42:55.052Z [31merror[39m: Teacher not found
2025-07-14T10:48:12.309Z [31merror[39m: Teacher validation failed: name: Name is required
2025-07-14T10:48:12.325Z [31merror[39m: Teacher validation failed: email: Email is required
2025-07-14T10:48:12.349Z [31merror[39m: Name already exists
2025-07-14T10:48:12.400Z [31merror[39m: Teacher not found
2025-07-14T10:48:12.975Z [31merror[39m: Teacher validation failed: name: Name is required
2025-07-14T10:48:12.985Z [31merror[39m: Teacher validation failed: email: Email is required
2025-07-14T10:48:13.002Z [31merror[39m: Name already exists
2025-07-14T10:48:13.067Z [31merror[39m: Teacher not found
2025-07-14T10:48:59.392Z [31merror[39m: Teacher validation failed: name: Name is required
2025-07-14T10:48:59.406Z [31merror[39m: Teacher validation failed: email: Email is required
2025-07-14T10:48:59.431Z [31merror[39m: Name already exists
2025-07-14T10:48:59.493Z [31merror[39m: Teacher not found
2025-07-14T10:49:00.055Z [31merror[39m: Teacher validation failed: name: Name is required
2025-07-14T10:49:00.066Z [31merror[39m: Teacher validation failed: email: Email is required
2025-07-14T10:49:00.093Z [31merror[39m: Name already exists
2025-07-14T10:49:00.163Z [31merror[39m: Teacher not found
2025-07-14T10:49:40.620Z [31merror[39m: Teacher validation failed: name: Name is required
2025-07-14T10:49:40.636Z [31merror[39m: Teacher validation failed: email: Email is required
2025-07-14T10:49:40.665Z [31merror[39m: Name already exists
2025-07-14T10:49:40.723Z [31merror[39m: Teacher not found
2025-07-14T10:49:41.272Z [31merror[39m: Teacher validation failed: name: Name is required
2025-07-14T10:49:41.285Z [31merror[39m: Teacher validation failed: email: Email is required
2025-07-14T10:49:41.314Z [31merror[39m: Name already exists
2025-07-14T10:49:41.369Z [31merror[39m: Teacher not found
2025-07-14T10:50:20.216Z [31merror[39m: Teacher validation failed: name: Name is required
2025-07-14T10:50:20.230Z [31merror[39m: Teacher validation failed: email: Email is required
2025-07-14T10:50:20.253Z [31merror[39m: Name already exists
2025-07-14T10:50:20.305Z [31merror[39m: Teacher not found
2025-07-14T10:50:20.828Z [31merror[39m: Teacher validation failed: name: Name is required
2025-07-14T10:50:20.840Z [31merror[39m: Teacher validation failed: email: Email is required
2025-07-14T10:50:20.869Z [31merror[39m: Name already exists
2025-07-14T10:50:20.914Z [31merror[39m: Teacher not found
2025-07-14T10:51:19.233Z [31merror[39m: Teacher validation failed: name: Name is required
2025-07-14T10:51:19.248Z [31merror[39m: Teacher validation failed: email: Email is required
2025-07-14T10:51:19.275Z [31merror[39m: Name already exists
2025-07-14T10:51:19.346Z [31merror[39m: Teacher not found
2025-07-14T10:51:19.921Z [31merror[39m: Teacher validation failed: name: Name is required
2025-07-14T10:51:19.932Z [31merror[39m: Teacher validation failed: email: Email is required
2025-07-14T10:51:19.957Z [31merror[39m: Name already exists
2025-07-14T10:51:20.018Z [31merror[39m: Teacher not found
2025-07-14T10:51:42.010Z [31merror[39m: Teacher validation failed: name: Name is required
2025-07-14T10:51:42.024Z [31merror[39m: Teacher validation failed: email: Email is required
2025-07-14T10:51:42.033Z [31merror[39m: Name already exists
2025-07-14T10:51:42.082Z [31merror[39m: Teacher not found
2025-07-14T10:51:42.647Z [31merror[39m: Teacher validation failed: name: Name is required
2025-07-14T10:51:42.657Z [31merror[39m: Teacher validation failed: email: Email is required
2025-07-14T10:51:42.673Z [31merror[39m: Name already exists
2025-07-14T10:51:42.721Z [31merror[39m: Teacher not found
2025-07-14T10:55:58.409Z [31merror[39m: Teacher validation failed: name: Name is required
2025-07-14T10:55:58.421Z [31merror[39m: Teacher validation failed: email: Email is required
2025-07-14T10:55:58.448Z [31merror[39m: Name already exists
2025-07-14T10:55:58.499Z [31merror[39m: Teacher not found
2025-07-14T10:55:59.069Z [31merror[39m: Teacher validation failed: name: Name is required
2025-07-14T10:55:59.081Z [31merror[39m: Teacher validation failed: email: Email is required
2025-07-14T10:55:59.091Z [31merror[39m: Name already exists
2025-07-14T10:55:59.122Z [31merror[39m: Teacher not found
2025-07-14T10:58:15.416Z [31merror[39m: Teacher validation failed: name: Name is required
2025-07-14T10:58:15.433Z [31merror[39m: Teacher validation failed: email: Email is required
2025-07-14T10:58:15.460Z [31merror[39m: Name already exists
2025-07-14T10:58:15.508Z [31merror[39m: Teacher not found
2025-07-14T10:58:16.094Z [31merror[39m: Teacher validation failed: name: Name is required
2025-07-14T10:58:16.108Z [31merror[39m: Teacher validation failed: email: Email is required
2025-07-14T10:58:16.124Z [31merror[39m: Name already exists
2025-07-14T10:58:16.169Z [31merror[39m: Teacher not found
2025-07-14T10:58:52.007Z [31merror[39m: Teacher validation failed: name: Name is required
2025-07-14T10:58:52.026Z [31merror[39m: Teacher validation failed: email: Email is required
2025-07-14T10:58:52.055Z [31merror[39m: Name already exists
2025-07-14T10:58:52.121Z [31merror[39m: Teacher not found
2025-07-14T10:58:52.680Z [31merror[39m: Teacher validation failed: name: Name is required
2025-07-14T10:58:52.696Z [31merror[39m: Teacher validation failed: email: Email is required
2025-07-14T10:58:52.711Z [31merror[39m: Name already exists
2025-07-14T10:58:52.769Z [31merror[39m: Teacher not found
2025-07-15T04:13:58.117Z [31merror[39m: Operation `teachers.find()` buffering timed out after 10000ms
